user#0 {login} -> [verify] -> {menu} Spends 0.522636145 seconds
user#0 {menu} -> [showstatus] -> {status} Spends 0.293487074 seconds
user#0 {status} -> [cancelstatus] -> {menu} Spends 0.1071019 seconds
user#1 {login} -> [verify] -> {menu} Spends 0.435495539 seconds
user#0 {menu} -> [showstatus] -> {status} Spends 0.293734461 seconds
user#1 {menu} -> [showstatus] -> {status} Spends 0.340524446 seconds
user#0 {status} -> [cancelstatus] -> {menu} Spends 0.106850293 seconds
user#1 {status} -> [cancelstatus] -> {menu} Spends 0.138850726 seconds
user#2 {login} -> [verify] -> {menu} Spends 0.595397596 seconds
user#0 {menu} -> [maketransfer] -> {transfer} Spends 0.529057097 seconds
user#1 {menu} -> [maketransfer] -> {transfer} Spends 1.008872581 seconds
user#3 {login} -> [verify] -> {menu} Spends 0.96891586 seconds
user#2 {menu} -> [maketransfer] -> {transfer} Spends 0.927551907 seconds
user#0 {transfer} -> [confirmtransfer] -> {menu} Spends 0.879978337 seconds
user#4 {login} -> [verify] -> {menu} Spends 0.708746317 seconds
user#1 {transfer} -> [confirmtransfer] -> {menu} Spends 0.968517739 seconds
user#2 {transfer} -> [confirmtransfer] -> {menu} Spends 0.720010693 seconds
user#0 {menu} -> [logout] -> {login} Spends 0.858518912 seconds
user#1 {menu} -> [showstatus] -> {status} Spends 0.538565214 seconds
user#2 {menu} -> [showstatus] -> {status} Spends 0.352437015 seconds
user#4 {menu} -> [invest] -> {depot} Spends 1.000326015 seconds
user#5 {login} -> [verify] -> {menu} Spends 1.638197547 seconds
user#6 {login} -> [verify] -> {menu} Spends 1.080866171 seconds
user#1 {status} -> [cancelstatus] -> {menu} Spends 0.138919764 seconds
user#3 {menu} -> [maketransfer] -> {transfer} Spends 1.639375418 seconds
user#7 {login} -> [verify] -> {menu} Spends 0.760885241 seconds
user#2 {status} -> [cancelstatus] -> {menu} Spends 0.229674146 seconds
user#8 {login} -> [verify] -> {menu} Spends 0.496811194 seconds
user#1 {menu} -> [showstatus] -> {status} Spends 0.515140113 seconds
user#6 {menu} -> [showstatus] -> {status} Spends 0.949949104 seconds
user#5 {menu} -> [showstatus] -> {status} Spends 1.18896721 seconds
user#6 {status} -> [cancelstatus] -> {menu} Spends 0.088640657 seconds
user#3 {transfer} -> [confirmtransfer] -> {menu} Spends 1.070980261 seconds
user#1 {status} -> [cancelstatus] -> {menu} Spends 0.098501254 seconds
user#7 {menu} -> [logout] -> {login} Spends 0.572749944 seconds
user#2 {menu} -> [logout] -> {login} Spends 0.418962384 seconds
user#10 {login} -> [verify] -> {menu} Spends 0.534363079 seconds
user#8 {menu} -> [logout] -> {login} Spends 1.041568767 seconds
user#5 {status} -> [cancelstatus] -> {menu} Spends 0.152091133 seconds
user#9 {login} -> [verify] -> {menu} Spends 1.114872935 seconds
user#4 {depot} -> [buybond] -> {depot} Spends 1.918153868 seconds
user#11 {login} -> [verify] -> {menu} Spends 0.680985607 seconds
user#10 {menu} -> [showstatus] -> {status} Spends 0.404445917 seconds
user#6 {menu} -> [invest] -> {depot} Spends 0.451546958 seconds
user#10 {status} -> [cancelstatus] -> {menu} Spends 0.089112803 seconds
user#4 {depot} -> [canceldepot] -> {menu} Spends 0.13343505 seconds
user#11 {menu} -> [logout] -> {login} Spends 0.771251352 seconds
user#9 {menu} -> [showstatus] -> {status} Spends 0.769907405 seconds
user#3 {menu} -> [maketransfer] -> {transfer} Spends 1.442046896 seconds
user#6 {depot} -> [canceldepot] -> {menu} Spends 0.165952504 seconds
user#5 {menu} -> [showstatus] -> {status} Spends 0.608263279 seconds
user#1 {menu} -> [showstatus] -> {status} Spends 0.97840595 seconds
user#4 {menu} -> [maketransfer] -> {transfer} Spends 0.919992206 seconds
user#13 {login} -> [verify] -> {menu} Spends 1.281037539 seconds
user#10 {menu} -> [maketransfer] -> {transfer} Spends 0.871707541 seconds
user#9 {status} -> [cancelstatus] -> {menu} Spends 0.186951672 seconds
user#12 {login} -> [verify] -> {menu} Spends 1.150905209 seconds
user#15 {login} -> [verify] -> {menu} Spends 1.019120175 seconds
user#3 {transfer} -> [confirmtransfer] -> {menu} Spends 0.94608564 seconds
user#6 {menu} -> [logout] -> {login} Spends 0.720105429 seconds
user#1 {status} -> [cancelstatus] -> {menu} Spends 0.113841962 seconds
user#14 {login} -> [verify] -> {menu} Spends 0.94349555 seconds
user#5 {status} -> [cancelstatus] -> {menu} Spends 0.20906888 seconds
user#15 {menu} -> [logout] -> {login} Spends 0.978285517 seconds
user#10 {transfer} -> [confirmtransfer] -> {menu} Spends 1.530058153 seconds
user#17 {login} -> [verify] -> {menu} Spends 0.809726048 seconds
user#12 {menu} -> [showstatus] -> {status} Spends 0.86367301 seconds
user#16 {login} -> [verify] -> {menu} Spends 1.205256044 seconds
user#9 {menu} -> [logout] -> {login} Spends 0.865983878 seconds
user#4 {transfer} -> [confirmtransfer] -> {menu} Spends 1.125922525 seconds
user#13 {menu} -> [showstatus] -> {status} Spends 0.699003086 seconds
user#10 {menu} -> [showstatus] -> {status} Spends 0.797026825 seconds
user#12 {status} -> [cancelstatus] -> {menu} Spends 0.129224093 seconds
user#10 {status} -> [cancelstatus] -> {menu} Spends 0.070277987 seconds
user#3 {menu} -> [maketransfer] -> {transfer} Spends 1.56507748 seconds
user#19 {login} -> [verify] -> {menu} Spends 0.585314159 seconds
user#18 {login} -> [verify] -> {menu} Spends 0.84908482 seconds
user#1 {menu} -> [invest] -> {depot} Spends 0.56870698 seconds
user#22 {login} -> [verify] -> {menu} Spends 0.81385109 seconds
user#21 {login} -> [verify] -> {menu} Spends 1.158586877 seconds
user#4 {menu} -> [showstatus] -> {status} Spends 0.635358919 seconds
user#20 {login} -> [verify] -> {menu} Spends 1.084494137 seconds
user#13 {status} -> [cancelstatus] -> {menu} Spends 0.155010306 seconds
user#17 {menu} -> [logout] -> {login} Spends 0.884773819 seconds
user#16 {menu} -> [showstatus] -> {status} Spends 0.517122665 seconds
user#5 {menu} -> [maketransfer] -> {transfer} Spends 1.35780053 seconds
user#14 {menu} -> [maketransfer] -> {transfer} Spends 1.48588549 seconds
user#16 {status} -> [cancelstatus] -> {menu} Spends 0.082924281 seconds
user#20 {menu} -> [logout] -> {login} Spends 0.447277319 seconds
user#24 {login} -> [verify] -> {menu} Spends 0.870899025 seconds
user#21 {menu} -> [maketransfer] -> {transfer} Spends 0.689218816 seconds
user#18 {menu} -> [maketransfer] -> {transfer} Spends 1.160009834 seconds
user#3 {transfer} -> [confirmtransfer] -> {menu} Spends 1.639172521 seconds
user#4 {status} -> [cancelstatus] -> {menu} Spends 0.134819269 seconds
user#23 {login} -> [verify] -> {menu} Spends 0.876345385 seconds
user#22 {menu} -> [showstatus] -> {status} Spends 0.30704851 seconds
user#19 {menu} -> [showstatus] -> {status} Spends 0.967239762 seconds
user#12 {menu} -> [showstatus] -> {status} Spends 0.97908828 seconds
user#10 {menu} -> [showstatus] -> {status} Spends 0.898854577 seconds
user#1 {depot} -> [canceldepot] -> {menu} Spends 0.129041909 seconds
user#10 {status} -> [cancelstatus] -> {menu} Spends 0.042753158 seconds
user#12 {status} -> [cancelstatus] -> {menu} Spends 0.091600485 seconds
user#19 {status} -> [cancelstatus] -> {menu} Spends 0.153290867 seconds
user#30 {login} -> [verify] -> {menu} Spends 0.515874989 seconds
user#3 {menu} -> [maketransfer] -> {transfer} Spends 1.029283773 seconds
user#4 {menu} -> [showstatus] -> {status} Spends 0.705140597 seconds
user#28 {login} -> [verify] -> {menu} Spends 0.947713795 seconds
user#23 {menu} -> [logout] -> {login} Spends 0.477880491 seconds
user#22 {status} -> [cancelstatus] -> {menu} Spends 0.1942893 seconds
user#21 {transfer} -> [confirmtransfer] -> {menu} Spends 1.239148128 seconds
user#18 {transfer} -> [confirmtransfer] -> {menu} Spends 0.848995454 seconds
user#27 {login} -> [verify] -> {menu} Spends 0.890161113 seconds
user#14 {transfer} -> [confirmtransfer] -> {menu} Spends 1.595729363 seconds
user#24 {menu} -> [logout] -> {login} Spends 0.770498833 seconds
user#26 {login} -> [verify] -> {menu} Spends 0.890396994 seconds
user#5 {transfer} -> [confirmtransfer] -> {menu} Spends 0.746508001 seconds
user#16 {menu} -> [showstatus] -> {status} Spends 0.500765559 seconds
user#25 {login} -> [verify] -> {menu} Spends 0.999423913 seconds
user#13 {menu} -> [showstatus] -> {status} Spends 0.488204411 seconds
user#27 {menu} -> [maketransfer] -> {transfer} Spends 1.169195772 seconds
user#26 {menu} -> [showstatus] -> {status} Spends 0.488904768 seconds
user#16 {status} -> [cancelstatus] -> {menu} Spends 0.088639123 seconds
user#34 {login} -> [verify] -> {menu} Spends 0.779058056 seconds
user#14 {menu} -> [logout] -> {login} Spends 0.479569631 seconds
user#18 {menu} -> [maketransfer] -> {transfer} Spends 0.839112228 seconds
user#21 {menu} -> [showstatus] -> {status} Spends 0.648355775 seconds
user#34 {menu} -> [showstatus] -> {status} Spends 0.423899011 seconds
user#22 {menu} -> [logout] -> {login} Spends 0.470136689 seconds
user#32 {login} -> [verify] -> {menu} Spends 1.217922283 seconds
user#33 {login} -> [verify] -> {menu} Spends 0.529306019 seconds
user#3 {transfer} -> [confirmtransfer] -> {menu} Spends 1.295695535 seconds
user#28 {menu} -> [logout] -> {login} Spends 0.729990189 seconds
user#30 {menu} -> [maketransfer] -> {transfer} Spends 1.08847765 seconds
user#31 {login} -> [verify] -> {menu} Spends 0.978918369 seconds
user#19 {menu} -> [logout] -> {login} Spends 0.839104557 seconds
user#4 {status} -> [cancelstatus] -> {menu} Spends 0.108577787 seconds
user#1 {menu} -> [showstatus] -> {status} Spends 0.838908181 seconds
user#12 {menu} -> [showstatus] -> {status} Spends 0.706210308 seconds
user#10 {menu} -> [showstatus] -> {status} Spends 0.358296072 seconds
user#29 {login} -> [verify] -> {menu} Spends 0.949442439 seconds
user#12 {status} -> [cancelstatus] -> {menu} Spends 0.074630088 seconds
user#1 {status} -> [cancelstatus] -> {menu} Spends 0.173201915 seconds
user#39 {login} -> [verify] -> {menu} Spends 0.784005805 seconds
user#4 {menu} -> [showstatus] -> {status} Spends 0.286712493 seconds
user#3 {menu} -> [logout] -> {login} Spends 0.584914887 seconds
user#33 {menu} -> [showstatus] -> {status} Spends 0.589365177 seconds
user#38 {login} -> [verify] -> {menu} Spends 0.685411733 seconds
user#32 {menu} -> [invest] -> {depot} Spends 0.476501642 seconds
user#34 {status} -> [cancelstatus] -> {menu} Spends 0.136505723 seconds
user#37 {login} -> [verify] -> {menu} Spends 0.789293377 seconds
user#21 {status} -> [cancelstatus] -> {menu} Spends 0.159364325 seconds
user#39 {menu} -> [maketransfer] -> {transfer} Spends 0.876960978 seconds
user#16 {menu} -> [showstatus] -> {status} Spends 0.628809863 seconds
user#18 {transfer} -> [canceltransfer] -> {menu} Spends 0.175869864 seconds
user#27 {transfer} -> [confirmtransfer] -> {menu} Spends 0.872146318 seconds
user#36 {login} -> [verify] -> {menu} Spends 0.66760252 seconds
user#25 {menu} -> [showstatus] -> {status} Spends 0.589033793 seconds
user#26 {status} -> [cancelstatus] -> {menu} Spends 0.075549066 seconds
user#35 {login} -> [verify] -> {menu} Spends 0.878887147 seconds
user#13 {status} -> [cancelstatus] -> {menu} Spends 0.169090297 seconds
user#5 {menu} -> [invest] -> {depot} Spends 0.489239604 seconds
user#36 {menu} -> [showstatus] -> {status} Spends 1.041832646 seconds
user#26 {menu} -> [showstatus] -> {status} Spends 0.828834333 seconds
user#35 {menu} -> [showstatus] -> {status} Spends 0.469994009 seconds
user#42 {login} -> [verify] -> {menu} Spends 1.915086647 seconds
user#44 {login} -> [verify] -> {menu} Spends 0.608394835 seconds
user#27 {menu} -> [invest] -> {depot} Spends 0.556166162 seconds
user#25 {status} -> [cancelstatus] -> {menu} Spends 0.14144465 seconds
user#21 {menu} -> [showstatus] -> {status} Spends 1.296193762 seconds
user#41 {login} -> [verify] -> {menu} Spends 1.746933737 seconds
user#37 {menu} -> [maketransfer] -> {transfer} Spends 1.142525484 seconds
user#18 {menu} -> [invest] -> {depot} Spends 0.456956114 seconds
user#38 {menu} -> [logout] -> {login} Spends 1.088578523 seconds
user#34 {menu} -> [logout] -> {login} Spends 0.709991693 seconds
user#16 {status} -> [cancelstatus] -> {menu} Spends 0.10371902 seconds
user#32 {depot} -> [canceldepot] -> {menu} Spends 0.108426286 seconds
user#40 {login} -> [verify] -> {menu} Spends 1.13606311 seconds
user#33 {status} -> [cancelstatus] -> {menu} Spends 0.089157678 seconds
user#1 {menu} -> [showstatus] -> {status} Spends 0.751919458 seconds
user#29 {menu} -> [logout] -> {login} Spends 0.737575204 seconds
user#12 {menu} -> [showstatus] -> {status} Spends 0.581434203 seconds
user#31 {menu} -> [maketransfer] -> {transfer} Spends 1.202193042 seconds
user#4 {status} -> [cancelstatus] -> {menu} Spends 0.180565623 seconds
user#30 {transfer} -> [confirmtransfer] -> {menu} Spends 1.032886809 seconds
user#10 {status} -> [cancelstatus] -> {menu} Spends 0.089063709 seconds
user#4 {menu} -> [logout] -> {login} Spends 0.440098863 seconds
user#33 {menu} -> [maketransfer] -> {transfer} Spends 0.856873881 seconds
user#50 {login} -> [verify] -> {menu} Spends 0.800652105 seconds
user#49 {login} -> [verify] -> {menu} Spends 1.041637037 seconds
user#12 {status} -> [cancelstatus] -> {menu} Spends 0.133858485 seconds
user#1 {status} -> [cancelstatus] -> {menu} Spends 0.098414572 seconds
user#40 {menu} -> [showstatus] -> {status} Spends 0.341263923 seconds
user#32 {menu} -> [invest] -> {depot} Spends 0.499963563 seconds
user#16 {menu} -> [showstatus] -> {status} Spends 0.498534085 seconds
user#18 {depot} -> [sellbond] -> {depot} Spends 0.926025775 seconds
user#48 {login} -> [verify] -> {menu} Spends 0.902178007 seconds
user#37 {transfer} -> [confirmtransfer] -> {menu} Spends 0.902886801 seconds
user#44 {menu} -> [maketransfer] -> {transfer} Spends 1.212804622 seconds
user#41 {menu} -> [logout] -> {login} Spends 0.638273873 seconds
user#25 {menu} -> [invest] -> {depot} Spends 0.587394898 seconds
user#47 {login} -> [verify] -> {menu} Spends 0.529050193 seconds
user#21 {status} -> [cancelstatus] -> {menu} Spends 0.089122392 seconds
user#42 {menu} -> [invest] -> {depot} Spends 0.459800495 seconds
user#27 {depot} -> [canceldepot] -> {menu} Spends 0.132292848 seconds
user#46 {login} -> [verify] -> {menu} Spends 0.689469655 seconds
user#45 {login} -> [verify] -> {menu} Spends 0.959098605 seconds
user#35 {status} -> [cancelstatus] -> {menu} Spends 0.119259556 seconds
user#13 {menu} -> [logout] -> {login} Spends 0.699103575 seconds
user#57 {login} -> [verify] -> {menu} Spends 1.107413723 seconds
user#26 {status} -> [cancelstatus] -> {menu} Spends 0.083301308 seconds
user#36 {status} -> [cancelstatus] -> {menu} Spends 0.237132207 seconds
user#43 {login} -> [verify] -> {menu} Spends 1.766231111 seconds
user#39 {transfer} -> [confirmtransfer] -> {menu} Spends 2.168985972 seconds
user#5 {depot} -> [canceldepot] -> {menu} Spends 0.279273992 seconds
user#45 {menu} -> [showstatus] -> {status} Spends 1.204053243 seconds
user#57 {menu} -> [showstatus] -> {status} Spends 0.393662125 seconds
user#35 {menu} -> [logout] -> {login} Spends 0.644024384 seconds
user#56 {login} -> [verify] -> {menu} Spends 1.85586362 seconds
user#39 {menu} -> [invest] -> {depot} Spends 0.723736847 seconds
user#58 {login} -> [verify] -> {menu} Spends 0.679290332 seconds
user#46 {menu} -> [invest] -> {depot} Spends 0.73594168 seconds
user#25 {depot} -> [sellbond] -> {depot} Spends 1.643742478 seconds
user#44 {transfer} -> [confirmtransfer] -> {menu} Spends 1.880026281 seconds
user#27 {menu} -> [logout] -> {login} Spends 0.819036255 seconds
user#21 {menu} -> [logout] -> {login} Spends 0.772783619 seconds
user#42 {depot} -> [canceldepot] -> {menu} Spends 0.349391274 seconds
user#47 {menu} -> [logout] -> {login} Spends 0.718952872 seconds
user#32 {depot} -> [buybond] -> {depot} Spends 1.514321241 seconds
user#37 {menu} -> [invest] -> {depot} Spends 1.190267432 seconds
user#55 {login} -> [verify] -> {menu} Spends 0.962769911 seconds
user#48 {menu} -> [logout] -> {login} Spends 0.833640171 seconds
user#18 {depot} -> [canceldepot] -> {menu} Spends 0.150569221 seconds
user#16 {status} -> [cancelstatus] -> {menu} Spends 0.198704687 seconds
user#53 {login} -> [verify] -> {menu} Spends 1.408113388 seconds
user#12 {menu} -> [invest] -> {depot} Spends 0.946924456 seconds
